Connecting to database specified by database.yml
Connecting to database specified by database.yml
Connecting to database specified by database.yml


Started POST "/api/v1/registrations" for 127.0.0.1 at 2014-02-09 13:42:06 -0800
Processing by Api::V1::RegistrationsController#create as JSON
  Parameters: {"user"=>{"email"=>"2test1e@test.com", "name"=>"moo", "password"=>"[FILTERED]", "password_confirmation"=>"[FILTERED]"}, "registration"=>{"user"=>{"email"=>"2test1e@test.com", "name"=>"moo", "password"=>"[FILTERED]", "password_confirmation"=>"[FILTERED]"}}}
  [1m[36m (0.0ms)[0m  [1mbegin transaction[0m
  [1m[35m (0.0ms)[0m  rollback transaction
Completed 422 Unprocessable Entity in 97ms (Views: 0.2ms | ActiveRecord: 1.4ms)
Connecting to database specified by database.yml


Started POST "/api/v1/registrations" for 127.0.0.1 at 2014-02-09 13:42:37 -0800
Processing by Api::V1::RegistrationsController#create as JSON
  Parameters: {"user"=>{"email"=>"2test1e@test.com", "name"=>"moo", "password"=>"[FILTERED]", "password_confirmation"=>"[FILTERED]"}, "registration"=>{"user"=>{"email"=>"2test1e@test.com", "name"=>"moo", "password"=>"[FILTERED]", "password_confirmation"=>"[FILTERED]"}}}
Completed 500 Internal Server Error in 0ms

TypeError (can't convert Symbol into String):
  app/controllers/api/v1/registrations_controller.rb:25:in `sign_up_params'
  app/controllers/api/v1/registrations_controller.rb:8:in `create'


  Rendered /Users/cshao/.rvm/gems/ruby-1.9.3-p484/gems/actionpack-3.2.13/lib/action_dispatch/middleware/templates/rescues/_trace.erb (0.7ms)
  Rendered /Users/cshao/.rvm/gems/ruby-1.9.3-p484/gems/actionpack-3.2.13/lib/action_dispatch/middleware/templates/rescues/_request_and_response.erb (0.6ms)
  Rendered /Users/cshao/.rvm/gems/ruby-1.9.3-p484/gems/actionpack-3.2.13/lib/action_dispatch/middleware/templates/rescues/diagnostics.erb within rescues/layout (8.3ms)


Started POST "/api/v1/registrations" for 127.0.0.1 at 2014-02-09 13:42:57 -0800
Processing by Api::V1::RegistrationsController#create as JSON
  Parameters: {"user"=>{"email"=>"2test1e@test.com", "name"=>"moo", "password"=>"[FILTERED]", "password_confirmation"=>"[FILTERED]"}, "registration"=>{"user"=>{"email"=>"2test1e@test.com", "name"=>"moo", "password"=>"[FILTERED]", "password_confirmation"=>"[FILTERED]"}}}
  [1m[36m (0.0ms)[0m  [1mbegin transaction[0m
  [1m[35m (0.1ms)[0m  rollback transaction
Completed 422 Unprocessable Entity in 104ms (Views: 0.2ms | ActiveRecord: 1.4ms)


Started POST "/api/v1/sessions" for 127.0.0.1 at 2014-02-09 13:43:15 -0800
Processing by Api::V1::SessionsController#create as JSON
  Parameters: {"user"=>{"email"=>"test@test.com", "password"=>"[FILTERED]"}, "session"=>{"user"=>{"email"=>"test@test.com", "password"=>"[FILTERED]"}}}
  [1m[36mUser Load (0.1ms)[0m  [1mSELECT "users".* FROM "users" WHERE "users"."email" = 'test@test.com' LIMIT 1[0m
  [1m[35m (0.1ms)[0m  begin transaction
  [1m[36mUser Load (0.4ms)[0m  [1mSELECT "users".* FROM "users" WHERE "users"."authentication_token" = '7QnzxFrqj4LkPAH4YdkG' LIMIT 1[0m
  [1m[35m (1.2ms)[0m  UPDATE "users" SET "last_sign_in_at" = '2014-02-09 20:36:58.298025', "current_sign_in_at" = '2014-02-09 21:43:15.264380', "sign_in_count" = 3, "authentication_token" = '7QnzxFrqj4LkPAH4YdkG', "updated_at" = '2014-02-09 21:43:15.266852' WHERE "users"."id" = 1
  [1m[36m (0.6ms)[0m  [1mcommit transaction[0m
Completed 200 OK in 67ms (Views: 0.2ms | ActiveRecord: 2.4ms)


Started DELETE "/api/v1/sessions/?auth_token=7QnzxFrqj4LkPAH4YdkG" for 127.0.0.1 at 2014-02-09 13:43:35 -0800
Processing by Api::V1::SessionsController#destroy as JSON
  Parameters: {"auth_token"=>"7QnzxFrqj4LkPAH4YdkG", "session"=>{}}
  [1m[35mUser Load (0.1ms)[0m  SELECT "users".* FROM "users" WHERE "users"."authentication_token" = '7QnzxFrqj4LkPAH4YdkG' LIMIT 1
  [1m[36m (0.0ms)[0m  [1mbegin transaction[0m
  [1m[35m (0.2ms)[0m  UPDATE "users" SET "last_sign_in_at" = '2014-02-09 21:43:15.264380', "current_sign_in_at" = '2014-02-09 21:43:35.312546', "sign_in_count" = 4, "updated_at" = '2014-02-09 21:43:35.312942' WHERE "users"."id" = 1
  [1m[36m (0.4ms)[0m  [1mcommit transaction[0m
  [1m[35mSQL (0.5ms)[0m  UPDATE "users" SET "authentication_token" = NULL WHERE "users"."id" = 1
Completed 200 OK in 4ms (Views: 0.1ms | ActiveRecord: 1.2ms)


Started POST "/api/v1/registrations" for 127.0.0.1 at 2014-02-09 13:45:00 -0800
Processing by Api::V1::RegistrationsController#create as JSON
  Parameters: {"user"=>{"email"=>"2test1e@test.com", "name"=>"moo", "password"=>"[FILTERED]", "password_confirmation"=>"[FILTERED]"}, "registration"=>{"user"=>{"email"=>"2test1e@test.com", "name"=>"moo", "password"=>"[FILTERED]", "password_confirmation"=>"[FILTERED]"}}}
  [1m[36m (0.0ms)[0m  [1mbegin transaction[0m
  [1m[35mUser Exists (0.1ms)[0m  SELECT 1 AS one FROM "users" WHERE "users"."email" = '2test1e@test.com' LIMIT 1
  [1m[36mUser Load (0.1ms)[0m  [1mSELECT "users".* FROM "users" WHERE "users"."authentication_token" = 'MbsHytS9pbcqvLgAkfwt' LIMIT 1[0m
Binary data inserted for `string` type on column `encrypted_password`
  [1m[35mSQL (0.5ms)[0m  INSERT INTO "users" ("authentication_token", "created_at", "current_sign_in_at", "current_sign_in_ip", "email", "encrypted_password", "last_sign_in_at", "last_sign_in_ip", "name", "remember_created_at", "reset_password_sent_at", "reset_password_token", "sign_in_count", "updated_at") VALUES (?, ?, ?, ?, ?, ?, ?, ?, ?, ?, ?, ?, ?, ?)  [["authentication_token", "MbsHytS9pbcqvLgAkfwt"], ["created_at", Sun, 09 Feb 2014 21:45:00 UTC +00:00], ["current_sign_in_at", nil], ["current_sign_in_ip", nil], ["email", "2test1e@test.com"], ["encrypted_password", "$2a$10$eORiUOZZ5mnhMR512buZdOLhsUD1siA7C4jv3HMJ7hzmGoPBnseZi"], ["last_sign_in_at", nil], ["last_sign_in_ip", nil], ["name", "moo"], ["remember_created_at", nil], ["reset_password_sent_at", nil], ["reset_password_token", nil], ["sign_in_count", 0], ["updated_at", Sun, 09 Feb 2014 21:45:00 UTC +00:00]]
  [1m[36m (0.5ms)[0m  [1mcommit transaction[0m
  [1m[35m (0.0ms)[0m  begin transaction
  [1m[36m (0.1ms)[0m  [1mUPDATE "users" SET "last_sign_in_at" = '2014-02-09 21:45:00.588397', "current_sign_in_at" = '2014-02-09 21:45:00.588397', "last_sign_in_ip" = '127.0.0.1', "current_sign_in_ip" = '127.0.0.1', "sign_in_count" = 1, "updated_at" = '2014-02-09 21:45:00.588860' WHERE "users"."id" = 3[0m
  [1m[35m (0.3ms)[0m  commit transaction
Completed 200 OK in 79ms (Views: 0.4ms | ActiveRecord: 2.1ms)


Started POST "/api/v1/sessions" for 127.0.0.1 at 2014-02-09 13:45:18 -0800
Processing by Api::V1::SessionsController#create as JSON
  Parameters: {"user"=>{"email"=>"2test1e@test.com", "password"=>"[FILTERED]"}, "session"=>{"user"=>{"email"=>"2test1e@test.com", "password"=>"[FILTERED]"}}}
  [1m[36mUser Load (0.1ms)[0m  [1mSELECT "users".* FROM "users" WHERE "users"."email" = '2test1e@test.com' LIMIT 1[0m
  [1m[35m (0.0ms)[0m  begin transaction
  [1m[36m (0.3ms)[0m  [1mUPDATE "users" SET "current_sign_in_at" = '2014-02-09 21:45:18.790173', "sign_in_count" = 2, "updated_at" = '2014-02-09 21:45:18.790715' WHERE "users"."id" = 3[0m
  [1m[35m (0.4ms)[0m  commit transaction
Completed 200 OK in 56ms (Views: 0.2ms | ActiveRecord: 0.8ms)


Started DELETE "/api/v1/sessions/?auth_token=MbsHytS9pbcqvLgAkfwt" for 127.0.0.1 at 2014-02-09 13:45:32 -0800
Processing by Api::V1::SessionsController#destroy as JSON
  Parameters: {"auth_token"=>"MbsHytS9pbcqvLgAkfwt", "session"=>{}}
  [1m[36mUser Load (0.1ms)[0m  [1mSELECT "users".* FROM "users" WHERE "users"."authentication_token" = 'MbsHytS9pbcqvLgAkfwt' LIMIT 1[0m
  [1m[35m (0.0ms)[0m  begin transaction
  [1m[36m (0.2ms)[0m  [1mUPDATE "users" SET "last_sign_in_at" = '2014-02-09 21:45:18.790173', "current_sign_in_at" = '2014-02-09 21:45:32.399422', "sign_in_count" = 3, "updated_at" = '2014-02-09 21:45:32.399819' WHERE "users"."id" = 3[0m
  [1m[35m (0.6ms)[0m  commit transaction
  [1m[36mSQL (0.5ms)[0m  [1mUPDATE "users" SET "authentication_token" = NULL WHERE "users"."id" = 3[0m
Completed 200 OK in 4ms (Views: 0.1ms | ActiveRecord: 1.4ms)
Connecting to database specified by database.yml
  [1m[36m (1.0ms)[0m  [1mSELECT "schema_migrations"."version" FROM "schema_migrations" [0m
Migrating to CreateSources (20140129125418)
Migrating to CreateTopics (20140129203131)
Migrating to CreateLikes (20140201083326)
Migrating to CreateHistories (20140201090131)
Migrating to DeviseCreateUsers (20140209130106)
Migrating to DeviseCreateAdminUsers (20140209211740)
Migrating to CreateActiveAdminComments (20140209211742)
  [1m[35m (0.0ms)[0m  select sqlite_version(*)
  [1m[36m (0.1ms)[0m  [1mSELECT "schema_migrations"."version" FROM "schema_migrations" [0m
Connecting to database specified by database.yml


Started GET "/admin" for 127.0.0.1 at 2014-02-09 13:47:37 -0800
Processing by Admin::DashboardController#index as HTML
Completed 401 Unauthorized in 1ms


Started GET "/admin/login" for 127.0.0.1 at 2014-02-09 13:47:38 -0800
Processing by ActiveAdmin::Devise::SessionsController#new as HTML
  Rendered /Users/cshao/.rvm/gems/ruby-1.9.3-p484/bundler/gems/active_admin-32c6205e29b2/app/views/active_admin/devise/shared/_links.erb (0.9ms)
  Rendered /Users/cshao/.rvm/gems/ruby-1.9.3-p484/bundler/gems/active_admin-32c6205e29b2/app/views/active_admin/devise/sessions/new.html.erb within layouts/active_admin_logged_out (71.3ms)
Compiled active_admin.css  (1210ms)  (pid 32460)
Compiled active_admin/print.css  (79ms)  (pid 32460)
Compiled jquery.js  (1ms)  (pid 32460)
Compiled jquery.ui.core.js  (0ms)  (pid 32460)
Compiled jquery.ui.datepicker.js  (6ms)  (pid 32460)
Compiled jquery.ui.widget.js  (0ms)  (pid 32460)
Compiled jquery.ui.button.js  (1ms)  (pid 32460)
Compiled jquery.ui.mouse.js  (1ms)  (pid 32460)
Compiled jquery.ui.draggable.js  (9ms)  (pid 32460)
Compiled jquery.ui.position.js  (0ms)  (pid 32460)
Compiled jquery.ui.resizable.js  (2ms)  (pid 32460)
Compiled jquery.ui.dialog.js  (84ms)  (pid 32460)
Compiled jquery.ui.sortable.js  (2ms)  (pid 32460)
Compiled jquery_ujs.js  (0ms)  (pid 32460)
Compiled active_admin/lib/batch_actions.js  (116ms)  (pid 32460)
Compiled active_admin/lib/checkbox-toggler.js  (118ms)  (pid 32460)
Compiled active_admin/lib/dropdown-menu.js  (121ms)  (pid 32460)
Compiled active_admin/lib/has_many.js  (116ms)  (pid 32460)
Compiled active_admin/lib/modal_dialog.js  (147ms)  (pid 32460)
Compiled active_admin/lib/popover.js  (120ms)  (pid 32460)
Compiled active_admin/lib/table-checkbox-toggler.js  (104ms)  (pid 32460)
Compiled active_admin/ext/jquery-ui.js  (91ms)  (pid 32460)
Compiled active_admin/ext/jquery.js  (96ms)  (pid 32460)
Compiled active_admin/application.js  (109ms)  (pid 32460)
Compiled active_admin/base.js  (1497ms)  (pid 32460)
Compiled active_admin.js  (1636ms)  (pid 32460)
Completed 200 OK in 3177ms (Views: 3136.5ms | ActiveRecord: 1.5ms)


Started GET "/assets/jquery.js?body=1" for 127.0.0.1 at 2014-02-09 13:47:41 -0800
Served asset /jquery.js - 200 OK (3ms)


Started GET "/assets/jquery.ui.core.js?body=1" for 127.0.0.1 at 2014-02-09 13:47:41 -0800
Served asset /jquery.ui.core.js - 200 OK (1ms)


Started GET "/assets/jquery.ui.datepicker.js?body=1" for 127.0.0.1 at 2014-02-09 13:47:41 -0800
Served asset /jquery.ui.datepicker.js - 200 OK (4ms)


Started GET "/assets/jquery.ui.widget.js?body=1" for 127.0.0.1 at 2014-02-09 13:47:41 -0800
Served asset /jquery.ui.widget.js - 200 OK (31ms)


Started GET "/assets/jquery.ui.button.js?body=1" for 127.0.0.1 at 2014-02-09 13:47:41 -0800
Served asset /jquery.ui.button.js - 200 OK (5ms)


Started GET "/assets/jquery.ui.mouse.js?body=1" for 127.0.0.1 at 2014-02-09 13:47:41 -0800
Served asset /jquery.ui.mouse.js - 200 OK (6ms)


Started GET "/assets/jquery.ui.position.js?body=1" for 127.0.0.1 at 2014-02-09 13:47:41 -0800
Served asset /jquery.ui.position.js - 200 OK (1ms)


Started GET "/assets/jquery.ui.resizable.js?body=1" for 127.0.0.1 at 2014-02-09 13:47:41 -0800
Served asset /jquery.ui.resizable.js - 200 OK (6ms)


Started GET "/assets/jquery.ui.dialog.js?body=1" for 127.0.0.1 at 2014-02-09 13:47:41 -0800
Served asset /jquery.ui.dialog.js - 200 OK (5ms)


Started GET "/assets/jquery.ui.draggable.js?body=1" for 127.0.0.1 at 2014-02-09 13:47:41 -0800
Served asset /jquery.ui.draggable.js - 200 OK (3ms)


Started GET "/assets/active_admin.css?body=1" for 127.0.0.1 at 2014-02-09 13:47:41 -0800
Served asset /active_admin.css - 200 OK (5ms)


Started GET "/assets/jquery.ui.sortable.js?body=1" for 127.0.0.1 at 2014-02-09 13:47:41 -0800
Served asset /jquery.ui.sortable.js - 200 OK (6ms)


Started GET "/assets/active_admin/print.css?body=1" for 127.0.0.1 at 2014-02-09 13:47:41 -0800
Served asset /active_admin/print.css - 200 OK (1ms)


Started GET "/assets/active_admin/lib/checkbox-toggler.js?body=1" for 127.0.0.1 at 2014-02-09 13:47:41 -0800
Served asset /active_admin/lib/checkbox-toggler.js - 200 OK (1ms)


Started GET "/assets/active_admin/lib/has_many.js?body=1" for 127.0.0.1 at 2014-02-09 13:47:41 -0800
Served asset /active_admin/lib/has_many.js - 200 OK (1ms)


Started GET "/assets/active_admin/lib/dropdown-menu.js?body=1" for 127.0.0.1 at 2014-02-09 13:47:41 -0800
Served asset /active_admin/lib/dropdown-menu.js - 200 OK (1ms)


Started GET "/assets/jquery_ujs.js?body=1" for 127.0.0.1 at 2014-02-09 13:47:41 -0800
Served asset /jquery_ujs.js - 200 OK (2ms)


Started GET "/assets/active_admin/base.js?body=1" for 127.0.0.1 at 2014-02-09 13:47:41 -0800
Served asset /active_admin/base.js - 200 OK (19ms)


Started GET "/assets/active_admin/lib/batch_actions.js?body=1" for 127.0.0.1 at 2014-02-09 13:47:41 -0800
Served asset /active_admin/lib/batch_actions.js - 200 OK (1ms)


Started GET "/assets/active_admin/lib/modal_dialog.js?body=1" for 127.0.0.1 at 2014-02-09 13:47:41 -0800
Served asset /active_admin/lib/modal_dialog.js - 200 OK (1ms)


Started GET "/assets/active_admin/lib/popover.js?body=1" for 127.0.0.1 at 2014-02-09 13:47:41 -0800
Served asset /active_admin/lib/popover.js - 200 OK (1ms)


Started GET "/assets/active_admin/lib/table-checkbox-toggler.js?body=1" for 127.0.0.1 at 2014-02-09 13:47:41 -0800
Served asset /active_admin/lib/table-checkbox-toggler.js - 200 OK (2ms)


Started GET "/assets/active_admin/ext/jquery-ui.js?body=1" for 127.0.0.1 at 2014-02-09 13:47:41 -0800
Served asset /active_admin/ext/jquery-ui.js - 200 OK (1ms)


Started GET "/assets/active_admin/ext/jquery.js?body=1" for 127.0.0.1 at 2014-02-09 13:47:41 -0800
Served asset /active_admin/ext/jquery.js - 200 OK (1ms)


Started GET "/assets/active_admin.js?body=1" for 127.0.0.1 at 2014-02-09 13:47:41 -0800
Served asset /active_admin.js - 200 OK (40ms)


Started GET "/assets/active_admin/application.js?body=1" for 127.0.0.1 at 2014-02-09 13:47:41 -0800
Served asset /active_admin/application.js - 200 OK (1ms)


Started POST "/admin/login" for 127.0.0.1 at 2014-02-09 13:47:49 -0800
Processing by ActiveAdmin::Devise::SessionsController#create as HTML
  Parameters: {"utf8"=>"✓", "authenticity_token"=>"FhJroX9TgyUQ+XvhlioBCEQBcb2zq8O8BWW0VNQC/Jc=", "admin_user"=>{"email"=>"admin@example.com", "password"=>"[FILTERED]", "remember_me"=>"0"}, "commit"=>"Login"}
  [1m[36mAdminUser Load (0.2ms)[0m  [1mSELECT "admin_users".* FROM "admin_users" WHERE "admin_users"."email" = 'admin@example.com' LIMIT 1[0m
  [1m[35m (0.1ms)[0m  begin transaction
  [1m[36m (0.4ms)[0m  [1mUPDATE "admin_users" SET "last_sign_in_at" = '2014-02-09 21:47:49.124446', "current_sign_in_at" = '2014-02-09 21:47:49.124446', "last_sign_in_ip" = '127.0.0.1', "current_sign_in_ip" = '127.0.0.1', "sign_in_count" = 1, "updated_at" = '2014-02-09 21:47:49.125245' WHERE "admin_users"."id" = 1[0m
  [1m[35m (125.1ms)[0m  commit transaction
Redirected to http://localhost:3000/admin
Completed 302 Found in 196ms (ActiveRecord: 0.0ms)


Started GET "/admin" for 127.0.0.1 at 2014-02-09 13:47:49 -0800
Processing by Admin::DashboardController#index as HTML
  [1m[36mAdminUser Load (0.1ms)[0m  [1mSELECT "admin_users".* FROM "admin_users" WHERE "admin_users"."id" = 1 LIMIT 1[0m
  Rendered /Users/cshao/.rvm/gems/ruby-1.9.3-p484/bundler/gems/active_admin-32c6205e29b2/app/views/active_admin/page/index.html.arb (63.9ms)
Completed 200 OK in 93ms (Views: 66.6ms | ActiveRecord: 0.1ms)


Started GET "/admin/admin_users" for 127.0.0.1 at 2014-02-09 13:47:51 -0800
Processing by Admin::AdminUsersController#index as HTML
  [1m[35mAdminUser Load (0.1ms)[0m  SELECT "admin_users".* FROM "admin_users" WHERE "admin_users"."id" = 1 LIMIT 1
  [1m[36m (0.2ms)[0m  [1mSELECT COUNT(count_column) FROM (SELECT 1 AS count_column FROM "admin_users" LIMIT 30 OFFSET 0) subquery_for_count [0m
  [1m[35mCACHE (0.0ms)[0m  SELECT COUNT(count_column) FROM (SELECT 1 AS count_column FROM "admin_users" LIMIT 30 OFFSET 0) subquery_for_count 
  [1m[36m (0.1ms)[0m  [1mSELECT COUNT(*) FROM "admin_users" [0m
  [1m[35mCACHE (0.0ms)[0m  SELECT COUNT(count_column) FROM (SELECT 1 AS count_column FROM "admin_users" LIMIT 30 OFFSET 0) subquery_for_count 
  [1m[36mAdminUser Load (0.1ms)[0m  [1mSELECT "admin_users".* FROM "admin_users" ORDER BY "admin_users"."id" desc LIMIT 30 OFFSET 0[0m
  Rendered /Users/cshao/.rvm/gems/ruby-1.9.3-p484/bundler/gems/active_admin-32c6205e29b2/app/views/active_admin/resource/index.html.arb (125.9ms)
Completed 200 OK in 133ms (Views: 128.2ms | ActiveRecord: 0.5ms)


Started GET "/assets/active_admin/orderable.png" for 127.0.0.1 at 2014-02-09 13:47:51 -0800
Served asset /active_admin/orderable.png - 200 OK (3ms)


Started GET "/admin/admin_users/1/edit" for 127.0.0.1 at 2014-02-09 13:47:54 -0800
Processing by Admin::AdminUsersController#edit as HTML
  Parameters: {"id"=>"1"}
  [1m[35mAdminUser Load (0.2ms)[0m  SELECT "admin_users".* FROM "admin_users" WHERE "admin_users"."id" = 1 LIMIT 1
  [1m[36mAdminUser Load (0.2ms)[0m  [1mSELECT "admin_users".* FROM "admin_users" WHERE "admin_users"."id" = ? LIMIT 1[0m  [["id", "1"]]
  [1m[35mCACHE (0.0ms)[0m  SELECT "admin_users".* FROM "admin_users" WHERE "admin_users"."id" = 1 LIMIT 1
  Rendered /Users/cshao/.rvm/gems/ruby-1.9.3-p484/bundler/gems/active_admin-32c6205e29b2/app/views/active_admin/resource/edit.html.arb (117.3ms)
Completed 200 OK in 122ms (Views: 119.5ms | ActiveRecord: 0.3ms)


Started GET "/admin/admin_users" for 127.0.0.1 at 2014-02-09 13:48:02 -0800
Processing by Admin::AdminUsersController#index as HTML
  [1m[36mAdminUser Load (0.1ms)[0m  [1mSELECT "admin_users".* FROM "admin_users" WHERE "admin_users"."id" = 1 LIMIT 1[0m
  [1m[35m (0.2ms)[0m  SELECT COUNT(count_column) FROM (SELECT 1 AS count_column FROM "admin_users" LIMIT 30 OFFSET 0) subquery_for_count 
  [1m[36mCACHE (0.0ms)[0m  [1mSELECT COUNT(count_column) FROM (SELECT 1 AS count_column FROM "admin_users" LIMIT 30 OFFSET 0) subquery_for_count [0m
  [1m[35m (0.0ms)[0m  SELECT COUNT(*) FROM "admin_users" 
  [1m[36mCACHE (0.0ms)[0m  [1mSELECT COUNT(count_column) FROM (SELECT 1 AS count_column FROM "admin_users" LIMIT 30 OFFSET 0) subquery_for_count [0m
  [1m[35mAdminUser Load (0.1ms)[0m  SELECT "admin_users".* FROM "admin_users" ORDER BY "admin_users"."id" desc LIMIT 30 OFFSET 0
  Rendered /Users/cshao/.rvm/gems/ruby-1.9.3-p484/bundler/gems/active_admin-32c6205e29b2/app/views/active_admin/resource/index.html.arb (87.8ms)
Completed 200 OK in 92ms (Views: 90.2ms | ActiveRecord: 0.4ms)


Started GET "/admin/dashboard" for 127.0.0.1 at 2014-02-09 13:48:03 -0800
Processing by Admin::DashboardController#index as HTML
  [1m[36mAdminUser Load (0.1ms)[0m  [1mSELECT "admin_users".* FROM "admin_users" WHERE "admin_users"."id" = 1 LIMIT 1[0m
  Rendered /Users/cshao/.rvm/gems/ruby-1.9.3-p484/bundler/gems/active_admin-32c6205e29b2/app/views/active_admin/page/index.html.arb (90.2ms)
Completed 200 OK in 93ms (Views: 92.4ms | ActiveRecord: 0.1ms)


Started GET "/admin/users" for 127.0.0.1 at 2014-02-09 13:48:15 -0800
Processing by Admin::UsersController#index as HTML
  [1m[35mAdminUser Load (0.1ms)[0m  SELECT "admin_users".* FROM "admin_users" WHERE "admin_users"."id" = 1 LIMIT 1
  [1m[36m (0.2ms)[0m  [1mSELECT COUNT(count_column) FROM (SELECT 1 AS count_column FROM "users" LIMIT 30 OFFSET 0) subquery_for_count [0m
  [1m[35mCACHE (0.0ms)[0m  SELECT COUNT(count_column) FROM (SELECT 1 AS count_column FROM "users" LIMIT 30 OFFSET 0) subquery_for_count 
  [1m[36m (0.1ms)[0m  [1mSELECT COUNT(*) FROM "users" [0m
  [1m[35mCACHE (0.0ms)[0m  SELECT COUNT(count_column) FROM (SELECT 1 AS count_column FROM "users" LIMIT 30 OFFSET 0) subquery_for_count 
  [1m[36mUser Load (0.1ms)[0m  [1mSELECT "users".* FROM "users" ORDER BY "users"."id" desc LIMIT 30 OFFSET 0[0m
  Rendered /Users/cshao/.rvm/gems/ruby-1.9.3-p484/bundler/gems/active_admin-32c6205e29b2/app/views/active_admin/resource/index.html.arb (103.6ms)
Completed 200 OK in 109ms (Views: 105.6ms | ActiveRecord: 0.6ms)
